[Licensing::Module] Trying to connect to existing licensing client channel...
Built from '6000.2/respin/6000.2.8f1-e4064264ae96' branch; Version is '6000.2.8f1 (c9992ac36c34) revision 13211946'; Using compiler version '194234433'; Build Type 'Release'
[Licensing::IpcConnector] Successfully connected to: "LicenseClient-Kiwi" at "2025-11-08T17:12:52.3460203Z"
OS: 'Windows 11  (10.0.26100) 64bit Core' Language: 'zh' Physical Memory: 32397 MB
BatchMode: 1, IsHumanControllingUs: 0, StartBugReporterOnCrash: 0, Is64bit: 1
Date: 2025-11-08T17:12:52Z

COMMAND LINE ARGUMENTS:
C:\Program Files\Unity\Hub\Editor\6000.2.8f1\Editor\Unity.exe
-adb2
-batchMode
-noUpm
-name
AssetImportWorker10
-projectPath
D:/Unity/FinalProject
-logFile
Logs/AssetImportWorker10.log
-srvPort
53432
-job-worker-count
7
-background-job-worker-count
8
-gc-helper-count
1
-name
AssetImport
Successfully changed project path to: D:/Unity/FinalProject
D:/Unity/FinalProject
[UnityMemory] Configuration Parameters - Can be set up in boot.config
    "memorysetup-allocator-temp-initial-block-size-main=262144"
    "memorysetup-allocator-temp-initial-block-size-worker=262144"
    "memorysetup-bucket-allocator-granularity=16"
    "memorysetup-bucket-allocator-bucket-count=8"
    "memorysetup-bucket-allocator-block-size=33554432"
    "memorysetup-bucket-allocator-block-count=8"
    "memorysetup-main-allocator-block-size=16777216"
    "memorysetup-thread-allocator-block-size=16777216"
    "memorysetup-gfx-main-allocator-block-size=16777216"
    "memorysetup-gfx-thread-allocator-block-size=16777216"
    "memorysetup-cache-allocator-block-size=4194304"
    "memorysetup-typetree-allocator-block-size=2097152"
    "memorysetup-profiler-bucket-allocator-granularity=16"
    "memorysetup-profiler-bucket-allocator-bucket-count=8"
    "memorysetup-profiler-bucket-allocator-block-size=33554432"
    "memorysetup-profiler-bucket-allocator-block-count=8"
    "memorysetup-profiler-allocator-block-size=16777216"
    "memorysetup-profiler-editor-allocator-block-size=1048576"
    "memorysetup-temp-allocator-size-main=16777216"
    "memorysetup-job-temp-allocator-block-size=2097152"
    "memorysetup-job-temp-allocator-block-size-background=1048576"
    "memorysetup-job-temp-allocator-reduction-small-platforms=262144"
    "memorysetup-temp-allocator-size-background-worker=32768"
    "memorysetup-temp-allocator-size-job-worker=262144"
    "memorysetup-temp-allocator-size-preload-manager=33554432"
    "memorysetup-temp-allocator-size-nav-mesh-worker=65536"
    "memorysetup-temp-allocator-size-audio-worker=65536"
    "memorysetup-temp-allocator-size-cloud-worker=32768"
    "memorysetup-temp-allocator-size-gi-baking-worker=262144"
    "memorysetup-temp-allocator-size-gi-baking-worker=262144"
    "memorysetup-temp-allocator-size-gi-baking-worker=262144"
    "memorysetup-temp-allocator-size-gi-baking-worker=262144"
    "memorysetup-temp-allocator-size-gi-baking-worker=262144"
    "memorysetup-temp-allocator-size-gfx=262144"
[Licensing::Client] Code 10 while verifying Licensing Client signature (process Id: 22492, path: "C:/Program Files/Unity Hub/UnityLicensingClient_V1/Unity.Licensing.Client.exe")
[Licensing::Module] LicensingClient has failed validation; ignoring
[Licensing::Client] Error: HandshakeResponse reported an error:
	ResponseCode: 505
	ResponseStatus: Unsupported protocol version '1.17.2'.
[Licensing::Module] Error: Failed to handshake to channel: "LicenseClient-Kiwi"
[Licensing::IpcConnector] LicenseClient-Kiwi channel disconnected successfully.
[Licensing::IpcConnector] Successfully connected to: "LicenseClient-Kiwi-6000.2.8" at "2025-11-08T17:12:52.3922071Z"
Player connection [59224]  Target information:

Player connection [59224]  * "[IP] 192.168.56.1 [Port] 0 [Flags] 2 [Guid] 3803926063 [EditorId] 3803926063 [Version] 1048832 [Id] WindowsEditor(7,LAPTOP-8SK0S7FT) [Debug] 1 [PackageName] WindowsEditor [ProjectName] Editor" 

Player connection [59224]  * "[IP] 192.168.80.1 [Port] 0 [Flags] 2 [Guid] 3803926063 [EditorId] 3803926063 [Version] 1048832 [Id] WindowsEditor(7,LAPTOP-8SK0S7FT) [Debug] 1 [PackageName] WindowsEditor [ProjectName] Editor" 

Player connection [59224]  * "[IP] 192.168.1.153 [Port] 0 [Flags] 2 [Guid] 3803926063 [EditorId] 3803926063 [Version] 1048832 [Id] WindowsEditor(7,LAPTOP-8SK0S7FT) [Debug] 1 [PackageName] WindowsEditor [ProjectName] Editor" 

[Licensing::Client] Code 10 while verifying Licensing Client signature (process Id: 57724, path: "C:/Program Files/Unity/Hub/Editor/6000.2.8f1/Editor/Data/Resources/Licensing/Client/Unity.Licensing.Client.exe")
[Licensing::Module] LicensingClient has failed validation; ignoring
Player connection [59224] Host joined multi-casting on [225.0.0.222:54997]...
[Licensing::Client] Handshaking with LicensingClient:
  Version:                 1.17.2+ff71f16
  Session Id:              0315c61cf06a4aa48b973a8324dfea62
  Correlation Id:          9b34143d4d6c9cc99f9e9d888a52990c
  External correlation Id: 3721454034460311061
  Machine Id:              5InASzeaCtF81u6vwEa9ChkoEEI=
[Licensing::Module] Successfully connected to LicensingClient on channel: "LicenseClient-Kiwi-6000.2.8" (connect: 0.00s, validation: 0.00s, handshake: 0.01s)
Player connection [59224] Host joined alternative multi-casting on [225.0.0.222:34997]...
[Licensing::IpcConnector] Successfully connected to: "LicenseClient-Kiwi-6000.2.8-notifications" at "2025-11-08T17:12:52.4038029Z"
[Licensing::Module] Licensing Background thread has ended after 0.06s
JobSystem: Creating JobQueue using job-worker-count value 7
Input System module state changed to: Initialized.
[Physics::Module] Initialized fallback backend.
[Physics::Module] Id: 0xdecafbad
Library Redirect Path: Library/
[Physics::Module] Selected backend.
[Physics::Module] Name: PhysX
[Physics::Module] Id: 0xf2b8ea05
[Physics::Module] SDK Version: 4.1.2
[Physics::Module] Integration Version: 1.0.0
[Physics::Module] Threading Mode: Multi-Threaded
Refreshing native plugins compatible for Editor in 3.36 ms, found 3 plugins.
Preloading 0 native plugins for Editor in 0.00 ms.
Initialize engine version: 6000.2.8f1 (c9992ac36c34)
[Subsystems] Discovering subsystems at path C:/Program Files/Unity/Hub/Editor/6000.2.8f1/Editor/Data/Resources/UnitySubsystems
[Subsystems] Discovering subsystems at path D:/Unity/FinalProject/Assets
GfxDevice: creating device client; kGfxThreadingModeNonThreaded
Direct3D:
    Version:  Direct3D 11.0 [level 11.1]
    Renderer: NVIDIA GeForce RTX 5060 Laptop GPU (ID=0x2d19)
    Vendor:   NVIDIA
    VRAM:     7810 MB
    Driver:   32.0.15.7703
Initialize mono
Mono path[0] = 'C:/Program Files/Unity/Hub/Editor/6000.2.8f1/Editor/Data/Managed'
Mono path[1] = 'C:/Program Files/Unity/Hub/Editor/6000.2.8f1/Editor/Data/MonoBleedingEdge/lib/mono/unityjit-win32'
Mono config path = 'C:/Program Files/Unity/Hub/Editor/6000.2.8f1/Editor/Data/MonoBleedingEdge/etc'
Using monoOptions --debugger-agent=transport=dt_socket,embedding=1,server=y,suspend=n,address=127.0.0.1:56768
Begin MonoManager ReloadAssembly
Registering precompiled unity dll's ...
Register platform support module: C:/Program Files/Unity/Hub/Editor/6000.2.8f1/Editor/Data/PlaybackEngines/WebGLSupport/UnityEditor.WebGL.Extensions.dll
Register platform support module: C:/Program Files/Unity/Hub/Editor/6000.2.8f1/Editor/Data/PlaybackEngines/WindowsStandaloneSupport/UnityEditor.WindowsStandalone.Extensions.dll
[Licensing::Client] Successfully resolved entitlement details
[Licensing::Module] License group:
  Id: ewogICJzdWJzR3JvdXAiIDogInVuaXR5IGVkaXRvciIsCiAgIm5hbWVzcGFjZSIgOiAidW5pdHlfZWRpdG9yIiwKICAidHlwZSIgOiAiRURJVE9SIiwKICAidGFnIiA6ICJVbml0eVBlcnNvbmFsXXXX
  Product: Unity Personal Version
  Type: Assigned
  Expiration: Unlimited
Register platform support module: C:/Program Files/Unity/Hub/Editor/6000.2.8f1/Editor/Data/PlaybackEngines/AndroidPlayer/UnityEditor.Android.Extensions.dll
[Licensing::Client] Successfully resolved entitlement details
Register platform support module: C:/Program Files/Unity/Hub/Editor/6000.2.8f1/Editor/Data/PlaybackEngines/iOSSupport/UnityEditor.iOS.Extensions.dll
Registered in 0.009993 seconds.
- Loaded All Assemblies, in  0.691 seconds
[usbmuxd] Start listen thread
[usbmuxd] Listen thread started
Native extension for iOS target not found
Native extension for Android target not found
Android Extension - Scanning For ADB Devices 423 ms
Native extension for WindowsStandalone target not found
Native extension for WebGL target not found
Mono: successfully reloaded assembly
- Finished resetting the current domain, in  1.003 seconds
Domain Reload Profiling: 1692ms
	BeginReloadAssembly (189ms)
		ExecutionOrderSort (0ms)
		DisableScriptedObjects (0ms)
		BackupInstance (0ms)
		ReleaseScriptingObjects (0ms)
		CreateAndSetChildDomain (1ms)
	RebuildCommonClasses (64ms)
	RebuildNativeTypeToScriptingClass (24ms)
	initialDomainReloadingComplete (91ms)
	LoadAllAssembliesAndSetupDomain (321ms)
		LoadAssemblies (186ms)
		RebuildTransferFunctionScriptingTraits (0ms)
		AnalyzeDomain (315ms)
			TypeCache.Refresh (309ms)
				TypeCache.ScanAssembly (287ms)
			BuildScriptInfoCaches (0ms)
			ResolveRequiredComponents (1ms)
	FinalizeReload (1004ms)
		ReleaseScriptCaches (0ms)
		RebuildScriptCaches (0ms)
		SetupLoadedEditorAssemblies (918ms)
			LogAssemblyErrors (0ms)
			InitializePlatformSupportModulesInManaged (633ms)
			SetLoadedEditorAssemblies (5ms)
			BeforeProcessingInitializeOnLoad (83ms)
			ProcessInitializeOnLoadAttributes (139ms)
			ProcessInitializeOnLoadMethodAttributes (57ms)
			AfterProcessingInitializeOnLoad (0ms)
			EditorAssembliesLoaded (0ms)
		ExecutionOrderSort2 (0ms)
		AwakeInstancesAfterBackupRestoration (0ms)
========================================================================
Worker process is ready to serve import requests
Import Worker Mode flag is 0x00
Begin MonoManager ReloadAssembly
[Licensing::Client] Successfully resolved entitlement details
- Loaded All Assemblies, in  0.854 seconds
Refreshing native plugins compatible for Editor in 0.78 ms, found 3 plugins.
Native extension for iOS target not found
Native extension for Android target not found
Native extension for WindowsStandalone target not found
Native extension for WebGL target not found
Package Manager log level set to [2]
[Package Manager] Failed to launch server process. Reason: Unity was launched with the -noUpm command-line argument
[Package Manager] Unable to send message (not connected to server process).
[Package Manager] Cannot connect to Unity Package Manager local server
Mono: successfully reloaded assembly
- Finished resetting the current domain, in  0.890 seconds
Domain Reload Profiling: 1742ms
	BeginReloadAssembly (208ms)
		ExecutionOrderSort (0ms)
		DisableScriptedObjects (7ms)
		BackupInstance (0ms)
		ReleaseScriptingObjects (0ms)
		CreateAndSetChildDomain (34ms)
	RebuildCommonClasses (39ms)
	RebuildNativeTypeToScriptingClass (13ms)
	initialDomainReloadingComplete (42ms)
	LoadAllAssembliesAndSetupDomain (549ms)
		LoadAssemblies (376ms)
		RebuildTransferFunctionScriptingTraits (0ms)
		AnalyzeDomain (284ms)
			TypeCache.Refresh (209ms)
				TypeCache.ScanAssembly (193ms)
			BuildScriptInfoCaches (49ms)
			ResolveRequiredComponents (19ms)
	FinalizeReload (891ms)
		ReleaseScriptCaches (0ms)
		RebuildScriptCaches (0ms)
		SetupLoadedEditorAssemblies (668ms)
			LogAssemblyErrors (0ms)
			InitializePlatformSupportModulesInManaged (15ms)
			SetLoadedEditorAssemblies (6ms)
			BeforeProcessingInitializeOnLoad (136ms)
			ProcessInitializeOnLoadAttributes (437ms)
			ProcessInitializeOnLoadMethodAttributes (69ms)
			AfterProcessingInitializeOnLoad (3ms)
			EditorAssembliesLoaded (0ms)
		ExecutionOrderSort2 (0ms)
		AwakeInstancesAfterBackupRestoration (7ms)
Launched and connected shader compiler UnityShaderCompiler.exe after 0.02 seconds
Refreshing native plugins compatible for Editor in 1.00 ms, found 3 plugins.
Preloading 0 native plugins for Editor in 0.00 ms.
Unloading 13 Unused Serialized files (Serialized files now loaded: 0)
Unloading 6130 unused Assets / (4.5 MB). Loaded Objects now: 6841.
Memory consumption went from 138.9 MB to 134.4 MB.
Total: 10.285900 ms (FindLiveObjects: 0.634800 ms CreateObjectMapping: 0.462200 ms MarkObjects: 6.239600 ms  DeleteObjects: 2.945900 ms)

========================================================================
Received Import Request.
  Time since last request: 555122.095580 seconds.
  path: Assets/Fries and Seagull/Ultimate Interior Pack/Prefabs/Shelf-like & Table-like/Dining Table.prefab
  artifactKey: Guid(a8671aa314c471a428b6e4e5382a2715) Importer(815301076,1909f56bfc062723c751e8b465ee728b)
Start importing Assets/Fries and Seagull/Ultimate Interior Pack/Prefabs/Shelf-like & Table-like/Dining Table.prefab using Guid(a8671aa314c471a428b6e4e5382a2715) Importer(815301076,1909f56bfc062723c751e8b465ee728b) (PreviewImporter) -> (artifact id: '200a845459ebc602a5d4b069c8ffa030') in 0.6557053 seconds
Number of updated asset objects reloaded before import = 0Number of asset objects unloaded after import = 17

========================================================================
Received Import Request.
  Time since last request: 5.417180 seconds.
  path: Assets/Fries and Seagull/Ultimate Interior Pack/Prefabs/Door, Floor, Carpet/Door 1.prefab
  artifactKey: Guid(dce2ad178b92e7640a964df9ce2f1c74) Importer(815301076,1909f56bfc062723c751e8b465ee728b)
Start importing Assets/Fries and Seagull/Ultimate Interior Pack/Prefabs/Door, Floor, Carpet/Door 1.prefab using Guid(dce2ad178b92e7640a964df9ce2f1c74) Importer(815301076,1909f56bfc062723c751e8b465ee728b) (PreviewImporter) -> (artifact id: 'dd4efb07995f01d4c621c2e4ea007c01') in 0.0335415 seconds
Number of updated asset objects reloaded before import = 0Number of asset objects unloaded after import = 32

========================================================================
Received Import Request.
  Time since last request: 0.000024 seconds.
  path: Assets/Fries and Seagull/Ultimate Interior Pack/Prefabs/Door, Floor, Carpet/Watermelon Style Rug.prefab
  artifactKey: Guid(28b6da00d3dec714fad577754eef0a82) Importer(815301076,1909f56bfc062723c751e8b465ee728b)
Start importing Assets/Fries and Seagull/Ultimate Interior Pack/Prefabs/Door, Floor, Carpet/Watermelon Style Rug.prefab using Guid(28b6da00d3dec714fad577754eef0a82) Importer(815301076,1909f56bfc062723c751e8b465ee728b) (PreviewImporter) -> (artifact id: 'e74abaa6c93d03f6f9746955fc90829d') in 0.0264257 seconds
Number of updated asset objects reloaded before import = 0Number of asset objects unloaded after import = 19

========================================================================
Received Import Request.
  Time since last request: 0.000027 seconds.
  path: Assets/Fries and Seagull/Ultimate Interior Pack/Prefabs/Door, Floor, Carpet/Toast Mat.prefab
  artifactKey: Guid(102829b23f65b8447a79bc5a9c8453ce) Importer(815301076,1909f56bfc062723c751e8b465ee728b)
Start importing Assets/Fries and Seagull/Ultimate Interior Pack/Prefabs/Door, Floor, Carpet/Toast Mat.prefab using Guid(102829b23f65b8447a79bc5a9c8453ce) Importer(815301076,1909f56bfc062723c751e8b465ee728b) (PreviewImporter) -> (artifact id: 'ca42175f8a0967b5623531c3eacf1d1f') in 0.0258461 seconds
Number of updated asset objects reloaded before import = 0Number of asset objects unloaded after import = 17

========================================================================
Received Import Request.
  Time since last request: 0.000040 seconds.
  path: Assets/Fries and Seagull/Ultimate Interior Pack/Prefabs/Door, Floor, Carpet/Rug 1.prefab
  artifactKey: Guid(6f2f2907da412da4fb954b7e5d11a533) Importer(815301076,1909f56bfc062723c751e8b465ee728b)
Start importing Assets/Fries and Seagull/Ultimate Interior Pack/Prefabs/Door, Floor, Carpet/Rug 1.prefab using Guid(6f2f2907da412da4fb954b7e5d11a533) Importer(815301076,1909f56bfc062723c751e8b465ee728b) (PreviewImporter) -> (artifact id: '7f266f920d19b9322160437466a2e08d') in 0.0269237 seconds
Number of updated asset objects reloaded before import = 0Number of asset objects unloaded after import = 18

========================================================================
Received Import Request.
  Time since last request: 0.000027 seconds.
  path: Assets/Fries and Seagull/Ultimate Interior Pack/Prefabs/Door, Floor, Carpet/Rug 2.prefab
  artifactKey: Guid(323928198c1fbf44a9f47d871732e5a7) Importer(815301076,1909f56bfc062723c751e8b465ee728b)
Start importing Assets/Fries and Seagull/Ultimate Interior Pack/Prefabs/Door, Floor, Carpet/Rug 2.prefab using Guid(323928198c1fbf44a9f47d871732e5a7) Importer(815301076,1909f56bfc062723c751e8b465ee728b) (PreviewImporter) -> (artifact id: '598b8dd7f67ecb9a0f8ccad8c8679c3b') in 0.0232935 seconds
Number of updated asset objects reloaded before import = 0Number of asset objects unloaded after import = 18

========================================================================
Received Import Request.
  Time since last request: 2.735875 seconds.
  path: Assets/Fries and Seagull/Ultimate Interior Pack/Prefabs/Door, Floor, Carpet/Floor/Floor 4.prefab
  artifactKey: Guid(bb6c8f1cbc56aa840aceaa4029ee163a) Importer(815301076,1909f56bfc062723c751e8b465ee728b)
Start importing Assets/Fries and Seagull/Ultimate Interior Pack/Prefabs/Door, Floor, Carpet/Floor/Floor 4.prefab using Guid(bb6c8f1cbc56aa840aceaa4029ee163a) Importer(815301076,1909f56bfc062723c751e8b465ee728b) (PreviewImporter) -> (artifact id: '3ac996d7ab1c8e474f5fd5c48c16d043') in 0.0331427 seconds
Number of updated asset objects reloaded before import = 0Number of asset objects unloaded after import = 18

========================================================================
Received Import Request.
  Time since last request: 0.000030 seconds.
  path: Assets/Fries and Seagull/Ultimate Interior Pack/Prefabs/Door, Floor, Carpet/Floor/Floor 6.prefab
  artifactKey: Guid(ce81bd1416f47a743996a46f5e4b1cf8) Importer(815301076,1909f56bfc062723c751e8b465ee728b)
Start importing Assets/Fries and Seagull/Ultimate Interior Pack/Prefabs/Door, Floor, Carpet/Floor/Floor 6.prefab using Guid(ce81bd1416f47a743996a46f5e4b1cf8) Importer(815301076,1909f56bfc062723c751e8b465ee728b) (PreviewImporter) -> (artifact id: '1ace7f017ffd29c904792292fd6f1bca') in 0.0327159 seconds
Number of updated asset objects reloaded before import = 0Number of asset objects unloaded after import = 18

========================================================================
Received Import Request.
  Time since last request: 0.000035 seconds.
  path: Assets/Fries and Seagull/Ultimate Interior Pack/Prefabs/Door, Floor, Carpet/Floor/Floor 8.prefab
  artifactKey: Guid(5c156e1d5563ab449bb889707d47c6cc) Importer(815301076,1909f56bfc062723c751e8b465ee728b)
Start importing Assets/Fries and Seagull/Ultimate Interior Pack/Prefabs/Door, Floor, Carpet/Floor/Floor 8.prefab using Guid(5c156e1d5563ab449bb889707d47c6cc) Importer(815301076,1909f56bfc062723c751e8b465ee728b) (PreviewImporter) -> (artifact id: '4e43db057367c4f1d456fdc442170503') in 0.0307034 seconds
Number of updated asset objects reloaded before import = 0Number of asset objects unloaded after import = 18

========================================================================
Received Import Request.
  Time since last request: 5.252686 seconds.
  path: Assets/Fries and Seagull/Ultimate Interior Pack/Prefabs/Wall/Wall 4.prefab
  artifactKey: Guid(69ea5c797255bd241abb327a91cbe59b) Importer(815301076,1909f56bfc062723c751e8b465ee728b)
Start importing Assets/Fries and Seagull/Ultimate Interior Pack/Prefabs/Wall/Wall 4.prefab using Guid(69ea5c797255bd241abb327a91cbe59b) Importer(815301076,1909f56bfc062723c751e8b465ee728b) (PreviewImporter) -> (artifact id: '272a1fcddca2be4a48d840a1e9faf049') in 0.0281676 seconds
Number of updated asset objects reloaded before import = 0Number of asset objects unloaded after import = 21

========================================================================
Received Import Request.
  Time since last request: 0.000025 seconds.
  path: Assets/Fries and Seagull/Ultimate Interior Pack/Prefabs/Wall/Wall 7.prefab
  artifactKey: Guid(1ade212499f5d0242a299f27f1c54dc1) Importer(815301076,1909f56bfc062723c751e8b465ee728b)
Start importing Assets/Fries and Seagull/Ultimate Interior Pack/Prefabs/Wall/Wall 7.prefab using Guid(1ade212499f5d0242a299f27f1c54dc1) Importer(815301076,1909f56bfc062723c751e8b465ee728b) (PreviewImporter) -> (artifact id: 'b8dacdf08e92b6f6db906c8ea6585d60') in 0.0209337 seconds
Number of updated asset objects reloaded before import = 0Number of asset objects unloaded after import = 19

Editor requested this worker to shutdown with reason: Scaling down because of idle timeout
AssetImportWorker is now disconnected from the server
Process exiting
Exiting without the bug reporter. Application will terminate with return code 0